  main.c
C:\Users\59289\Desktop\main\main\main.c(32,24): warning C4244: “=”: 从“__int64”转换到“int”，可能丢失数据
C:\Users\59289\Desktop\main\main\main.c(38,13): warning C4244: “=”: 从“__int64”转换到“int”，可能丢失数据
C:\Users\59289\Desktop\main\main\main.c(41,13): warning C4244: “=”: 从“__int64”转换到“int”，可能丢失数据
C:\Users\59289\Desktop\main\main\main.c(43,13): warning C4244: “=”: 从“__int64”转换到“int”，可能丢失数据
C:\Users\59289\Desktop\main\main\main.c(45,13): warning C4244: “=”: 从“__int64”转换到“int”，可能丢失数据
C:\Users\59289\Desktop\main\main\main.c(66,17): warning C4244: “=”: 从“__int64”转换到“int”，可能丢失数据
C:\Users\59289\Desktop\main\main\main.c(75,21): warning C4244: “=”: 从“__int64”转换到“int”，可能丢失数据
C:\Users\59289\Desktop\main\main\main.c(76,17): warning C4244: “=”: 从“__int64”转换到“int”，可能丢失数据
C:\Users\59289\Desktop\main\main\main.c(84,21): warning C4244: “=”: 从“__int64”转换到“int”，可能丢失数据
C:\Users\59289\Desktop\main\main\main.c(85,21): warning C4244: “=”: 从“__int64”转换到“int”，可能丢失数据
C:\Users\59289\Desktop\main\main\main.c(86,37): warning C4244: “=”: 从“double”转换到“int”，可能丢失数据
C:\Users\59289\Desktop\main\main\main.c(93,21): warning C4244: “=”: 从“__int64”转换到“int”，可能丢失数据
C:\Users\59289\Desktop\main\main\main.c(94,21): warning C4244: “=”: 从“__int64”转换到“int”，可能丢失数据
C:\Users\59289\Desktop\main\main\main.c(95,21): warning C4244: “=”: 从“__int64”转换到“int”，可能丢失数据
C:\Users\59289\Desktop\main\main\main.c(96,37): warning C4244: “=”: 从“double”转换到“int”，可能丢失数据
C:\Users\59289\Desktop\main\main\main.c(103,20): warning C4244: “=”: 从“__int64”转换到“int”，可能丢失数据
C:\Users\59289\Desktop\main\main\main.c(104,20): warning C4244: “=”: 从“__int64”转换到“int”，可能丢失数据
C:\Users\59289\Desktop\main\main\main.c(105,20): warning C4244: “=”: 从“__int64”转换到“int”，可能丢失数据
C:\Users\59289\Desktop\main\main\main.c(106,20): warning C4244: “=”: 从“__int64”转换到“int”，可能丢失数据
C:\Users\59289\Desktop\main\main\main.c(119,55): warning C4244: “=”: 从“__int64”转换到“int”，可能丢失数据
C:\Users\59289\Desktop\main\main\main.c(128,22): warning C4244: “=”: 从“__int64”转换到“int”，可能丢失数据
C:\Users\59289\Desktop\main\main\main.c(129,55): warning C4244: “=”: 从“__int64”转换到“int”，可能丢失数据
C:\Users\59289\Desktop\main\main\main.c(137,22): warning C4244: “=”: 从“__int64”转换到“int”，可能丢失数据
C:\Users\59289\Desktop\main\main\main.c(138,22): warning C4244: “=”: 从“__int64”转换到“int”，可能丢失数据
C:\Users\59289\Desktop\main\main\main.c(139,44): warning C4244: “=”: 从“double”转换到“int”，可能丢失数据
C:\Users\59289\Desktop\main\main\main.c(146,22): warning C4244: “=”: 从“__int64”转换到“int”，可能丢失数据
C:\Users\59289\Desktop\main\main\main.c(147,22): warning C4244: “=”: 从“__int64”转换到“int”，可能丢失数据
C:\Users\59289\Desktop\main\main\main.c(148,22): warning C4244: “=”: 从“__int64”转换到“int”，可能丢失数据
C:\Users\59289\Desktop\main\main\main.c(149,44): warning C4244: “=”: 从“double”转换到“int”，可能丢失数据
C:\Users\59289\Desktop\main\main\main.c(156,21): warning C4244: “=”: 从“__int64”转换到“int”，可能丢失数据
C:\Users\59289\Desktop\main\main\main.c(157,21): warning C4244: “=”: 从“__int64”转换到“int”，可能丢失数据
C:\Users\59289\Desktop\main\main\main.c(158,21): warning C4244: “=”: 从“__int64”转换到“int”，可能丢失数据
C:\Users\59289\Desktop\main\main\main.c(159,21): warning C4244: “=”: 从“__int64”转换到“int”，可能丢失数据
C:\Users\59289\Desktop\main\main\main.c(354,8): warning C4305: “=”: 从“int”到“char”截断
  main.vcxproj -> C:\Users\59289\Desktop\main\x64\Debug\main.exe
